This file contains any messages produced by compilers while
running configure, to aid debugging if configure makes a mistake.

It was created by configure, which was
generated by GNU Autoconf 2.69.  Invocation command line was

  $ ./configure --enable-sse2

## --------- ##
## Platform. ##
## --------- ##

hostname = DESKTOP-SAF16VF
uname -m = x86_64
uname -r = 4.19.128-microsoft-standard
uname -s = Linux
uname -v = #1 SMP Tue Jun 23 12:58:10 UTC 2020

/usr/bin/uname -p = unknown
/bin/uname -X     = unknown

/bin/arch              = unknown
/usr/bin/arch -k       = unknown
/usr/convex/getsysinfo = unknown
/usr/bin/hostinfo      = unknown
/bin/machine           = unknown
/usr/bin/oslevel       = unknown
/bin/universe          = unknown

PATH: /usr/local/bin
PATH: /usr/bin
PATH: /bin
PATH: /usr/local/games
PATH: /usr/games


## ----------- ##
## Core tests. ##
## ----------- ##

configure:2274: checking for a BSD-compatible install
configure:2342: result: /usr/bin/install -c
configure:2353: checking whether build environment is sane
configure:2408: result: yes
configure:2444: WARNING: 'missing' script is too old or missing
configure:2557: checking for a thread-safe mkdir -p
configure:2596: result: /bin/mkdir -p
configure:2603: checking for gawk
configure:2633: result: no
configure:2603: checking for mawk
configure:2619: found /usr/bin/mawk
configure:2630: result: mawk
configure:2641: checking whether make sets $(MAKE)
configure:2663: result: yes
configure:2692: checking whether make supports nested variables
configure:2709: result: yes
configure:2839: checking whether to enable maintainer-specific portions of Makefiles
configure:2848: result: no
configure:2892: checking build system type
configure:2906: result: x86_64-unknown-linux-gnu
configure:2926: checking host system type
configure:2939: result: x86_64-unknown-linux-gnu
configure:2980: checking how to print strings
configure:3007: result: printf
configure:3032: checking whether make supports the include directive
configure:3047: make -f confmf.GNU && cat confinc.out
this is the am__doit target
configure:3050: $? = 0
configure:3069: result: yes (GNU style)
configure:3139: checking for gcc
configure:3155: found /usr/bin/gcc
configure:3166: result: gcc
configure:3395: checking for C compiler version
configure:3404: gcc --version >&5
gcc (Debian 8.3.0-6) 8.3.0
Copyright (C) 2018 Free Software Foundation, Inc.
This is free software; see the source for copying conditions.  There is NO
warranty; not even for MERCHANTABILITY or FITNESS FOR A PARTICULAR PURPOSE.

configure:3415: $? = 0
configure:3404: gcc -v >&5
Using built-in specs.
COLLECT_GCC=gcc
COLLECT_LTO_WRAPPER=/usr/lib/gcc/x86_64-linux-gnu/8/lto-wrapper
OFFLOAD_TARGET_NAMES=nvptx-none
OFFLOAD_TARGET_DEFAULT=1
Target: x86_64-linux-gnu
Configured with: ../src/configure -v --with-pkgversion='Debian 8.3.0-6' --with-bugurl=file:///usr/share/doc/gcc-8/README.Bugs --enable-languages=c,ada,c++,go,brig,d,fortran,objc,obj-c++ --prefix=/usr --with-gcc-major-version-only --program-suffix=-8 --program-prefix=x86_64-linux-gnu- --enable-shared --enable-linker-build-id --libexecdir=/usr/lib --without-included-gettext --enable-threads=posix --libdir=/usr/lib --enable-nls --enable-bootstrap --enable-clocale=gnu --enable-libstdcxx-debug --enable-libstdcxx-time=yes --with-default-libstdcxx-abi=new --enable-gnu-unique-object --disable-vtable-verify --enable-libmpx --enable-plugin --enable-default-pie --with-system-zlib --with-target-system-zlib --enable-objc-gc=auto --enable-multiarch --disable-werror --with-arch-32=i686 --with-abi=m64 --with-multilib-list=m32,m64,mx32 --enable-multilib --with-tune=generic --enable-offload-targets=nvptx-none --without-cuda-driver --enable-checking=release --build=x86_64-linux-gnu --host=x86_64-linux-gnu --target=x86_64-linux-gnu
Thread model: posix
gcc version 8.3.0 (Debian 8.3.0-6) 
configure:3415: $? = 0
configure:3404: gcc -V >&5
gcc: error: unrecognized command line option '-V'
gcc: fatal error: no input files
compilation terminated.
configure:3415: $? = 1
configure:3404: gcc -qversion >&5
gcc: error: unrecognized command line option '-qversion'; did you mean '--version'?
gcc: fatal error: no input files
compilation terminated.
configure:3415: $? = 1
configure:3435: checking whether the C compiler works
configure:3457: gcc    conftest.c  >&5
configure:3461: $? = 0
configure:3509: result: yes
configure:3512: checking for C compiler default output file name
configure:3514: result: a.out
configure:3520: checking for suffix of executables
configure:3527: gcc -o conftest    conftest.c  >&5
configure:3531: $? = 0
configure:3553: result: 
configure:3575: checking whether we are cross compiling
configure:3583: gcc -o conftest    conftest.c  >&5
configure:3587: $? = 0
configure:3594: ./conftest
configure:3598: $? = 0
configure:3586: result: no
configure:3591: checking for suffix of object files
configure:3613: gcc -c   conftest.c >&5
configure:3617: $? = 0
configure:3638: result: o
configure:3642: checking whether we are using the GNU C compiler
configure:3661: gcc -c   conftest.c >&5
configure:3661: $? = 0
configure:3670: result: yes
configure:3679: checking whether gcc accepts -g
configure:3699: gcc -c -g  conftest.c >&5
configure:3699: $? = 0
configure:3740: result: yes
configure:3757: checking for gcc option to accept ISO C89
configure:3820: gcc  -c -g -O2  conftest.c >&5
configure:3820: $? = 0
configure:3833: result: none needed
configure:3858: checking whether gcc understands -c and -o together
configure:3880: gcc -c conftest.c -o conftest2.o
configure:3883: $? = 0
configure:3880: gcc -c conftest.c -o conftest2.o
configure:3883: $? = 0
configure:3895: result: yes
configure:3914: checking dependency style of gcc
configure:4025: result: gcc3
configure:4040: checking for a sed that does not truncate output
configure:4104: result: /bin/sed
configure:4122: checking for grep that handles long lines and -e
configure:4180: result: /bin/grep
configure:4185: checking for egrep
configure:4247: result: /bin/grep -E
configure:4252: checking for fgrep
configure:4314: result: /bin/grep -F
configure:4349: checking for ld used by gcc
configure:4416: result: /usr/bin/ld
configure:4423: checking if the linker (/usr/bin/ld) is GNU ld
configure:4438: result: yes
configure:4450: checking for BSD- or MS-compatible name lister (nm)
configure:4504: result: /usr/bin/nm -B
configure:4634: checking the name lister (/usr/bin/nm -B) interface
configure:4641: gcc -c -g -O2  conftest.c >&5
configure:4644: /usr/bin/nm -B "conftest.o"
configure:4647: output
0000000000000000 B some_variable
configure:4648: result: BSD nm
configure:4651: checking whether ln -s works
configure:4655: result: yes
configure:4663: checking the maximum length of command line arguments
configure:4794: result: 1572864
configure:4842: checking how to convert x86_64-unknown-linux-gnu file names to x86_64-unknown-linux-gnu format
configure:4882: result: func_convert_file_noop
configure:4889: checking how to convert x86_64-unknown-linux-gnu file names to toolchain format
configure:4909: result: func_convert_file_noop
configure:4916: checking for /usr/bin/ld option to reload object files
configure:4923: result: -r
configure:4997: checking for objdump
configure:5013: found /usr/bin/objdump
configure:5024: result: objdump
configure:5056: checking how to recognize dependent libraries
configure:5256: result: pass_all
configure:5341: checking for dlltool
configure:5371: result: no
configure:5401: checking how to associate runtime and link libraries
configure:5428: result: printf %s\n
configure:5489: checking for ar
configure:5505: found /usr/bin/ar
configure:5516: result: ar
configure:5553: checking for archiver @FILE support
configure:5570: gcc -c -g -O2  conftest.c >&5
configure:5570: $? = 0
configure:5573: ar cru libconftest.a @conftest.lst >&5
ar: `u' modifier ignored since `D' is the default (see `U')
configure:5576: $? = 0
configure:5581: ar cru libconftest.a @conftest.lst >&5
ar: `u' modifier ignored since `D' is the default (see `U')
ar: conftest.o: No such file or directory
configure:5584: $? = 1
configure:5583: result: @
configure:5641: checking for strip
configure:5657: found /usr/bin/strip
configure:5668: result: strip
configure:5740: checking for ranlib
configure:5756: found /usr/bin/ranlib
configure:5767: result: ranlib
configure:5869: checking command to parse /usr/bin/nm -B output from gcc object
configure:6022: gcc -c -g -O2  conftest.c >&5
configure:6025: $? = 0
configure:6029: /usr/bin/nm -B conftest.o | sed -n -e 's/^.*[	 ]\([ABCDGIRSTW][ABCDGIRSTW]*\)[	 ][	 ]*\([_A-Za-z][_A-Za-z0-9]*\)$/\1 \2 \2/p' | sed '/ __gnu_lto/d' > conftest.nm
configure:6095: gcc -o conftest -g -O2   conftest.c conftstm.o >&5
configure:6098: $? = 0
configure:6136: result: ok
configure:6183: checking for sysroot
configure:6213: result: no
configure:6220: checking for a working dd
configure:6258: result: /bin/dd
configure:6262: checking how to truncate binary pipes
configure:6277: result: /bin/dd bs=4096 count=1
configure:6413: gcc -c -g -O2  conftest.c >&5
configure:6416: $? = 0
configure:6606: checking for mt
configure:6622: found /bin/mt
configure:6633: result: mt
configure:6656: checking if mt is a manifest tool
configure:6662: mt '-?'
configure:6670: result: no
configure:7347: checking how to run the C preprocessor
configure:7378: gcc -E  conftest.c
configure:7378: $? = 0
configure:7392: gcc -E  conftest.c
conftest.c:11:10: fatal error: ac_nonexistent.h: No such file or directory
 #include <ac_nonexistent.h>
          ^~~~~~~~~~~~~~~~~~
compilation terminated.
configure:7392: $? = 1
configure: failed program was:
| /* confdefs.h */
| #define PACKAGE_NAME ""
| #define PACKAGE_TARNAME ""
| #define PACKAGE_VERSION ""
| #define PACKAGE_STRING ""
| #define PACKAGE_BUGREPORT ""
| #define PACKAGE_URL ""
| #define PACKAGE "liblbfgs"
| #define VERSION "1.10"
| /* end confdefs.h.  */
| #include <ac_nonexistent.h>
configure:7417: result: gcc -E
configure:7437: gcc -E  conftest.c
configure:7437: $? = 0
configure:7451: gcc -E  conftest.c
conftest.c:11:10: fatal error: ac_nonexistent.h: No such file or directory
 #include <ac_nonexistent.h>
          ^~~~~~~~~~~~~~~~~~
compilation terminated.
configure:7451: $? = 1
configure: failed program was:
| /* confdefs.h */
| #define PACKAGE_NAME ""
| #define PACKAGE_TARNAME ""
| #define PACKAGE_VERSION ""
| #define PACKAGE_STRING ""
| #define PACKAGE_BUGREPORT ""
| #define PACKAGE_URL ""
| #define PACKAGE "liblbfgs"
| #define VERSION "1.10"
| /* end confdefs.h.  */
| #include <ac_nonexistent.h>
configure:7480: checking for ANSI C header files
configure:7500: gcc -c -g -O2  conftest.c >&5
configure:7500: $? = 0
configure:7573: gcc -o conftest -g -O2   conftest.c  >&5
configure:7573: $? = 0
configure:7573: ./conftest
configure:7573: $? = 0
configure:7584: result: yes
configure:7597: checking for sys/types.h
configure:7597: gcc -c -g -O2  conftest.c >&5
configure:7597: $? = 0
configure:7597: result: yes
configure:7597: checking for sys/stat.h
configure:7597: gcc -c -g -O2  conftest.c >&5
configure:7597: $? = 0
configure:7597: result: yes
configure:7597: checking for stdlib.h
configure:7597: gcc -c -g -O2  conftest.c >&5
configure:7597: $? = 0
configure:7597: result: yes
configure:7597: checking for string.h
configure:7597: gcc -c -g -O2  conftest.c >&5
configure:7597: $? = 0
configure:7597: result: yes
configure:7597: checking for memory.h
configure:7597: gcc -c -g -O2  conftest.c >&5
configure:7597: $? = 0
configure:7597: result: yes
configure:7597: checking for strings.h
configure:7597: gcc -c -g -O2  conftest.c >&5
configure:7597: $? = 0
configure:7597: result: yes
configure:7597: checking for inttypes.h
configure:7597: gcc -c -g -O2  conftest.c >&5
configure:7597: $? = 0
configure:7597: result: yes
configure:7597: checking for stdint.h
configure:7597: gcc -c -g -O2  conftest.c >&5
configure:7597: $? = 0
configure:7597: result: yes
configure:7597: checking for unistd.h
configure:7597: gcc -c -g -O2  conftest.c >&5
configure:7597: $? = 0
configure:7597: result: yes
configure:7611: checking for dlfcn.h
configure:7611: gcc -c -g -O2  conftest.c >&5
configure:7611: $? = 0
configure:7611: result: yes
configure:7867: checking for objdir
configure:7882: result: .libs
configure:8142: checking if gcc supports -fno-rtti -fno-exceptions
configure:8160: gcc -c -g -O2  -fno-rtti -fno-exceptions conftest.c >&5
cc1: warning: command line option '-fno-rtti' is valid for C++/ObjC++ but not for C
configure:8164: $? = 0
configure:8177: result: no
configure:8535: checking for gcc option to produce PIC
configure:8542: result: -fPIC -DPIC
configure:8550: checking if gcc PIC flag -fPIC -DPIC works
configure:8568: gcc -c -g -O2  -fPIC -DPIC -DPIC conftest.c >&5
configure:8572: $? = 0
configure:8585: result: yes
configure:8614: checking if gcc static flag -static works
configure:8642: result: yes
configure:8657: checking if gcc supports -c -o file.o
configure:8678: gcc -c -g -O2  -o out/conftest2.o conftest.c >&5
configure:8682: $? = 0
configure:8704: result: yes
configure:8712: checking if gcc supports -c -o file.o
configure:8759: result: yes
configure:8792: checking whether the gcc linker (/usr/bin/ld -m elf_x86_64) supports shared libraries
configure:10055: result: yes
configure:10092: checking whether -lc should be explicitly linked in
configure:10100: gcc -c -g -O2  conftest.c >&5
configure:10103: $? = 0
configure:10118: gcc -shared  -fPIC -DPIC conftest.o  -v -Wl,-soname -Wl,conftest -o conftest 2\>\&1 \| /bin/grep  -lc  \>/dev/null 2\>\&1
configure:10121: $? = 0
configure:10135: result: no
configure:10295: checking dynamic linker characteristics
configure:10876: gcc -o conftest -g -O2   -Wl,-rpath -Wl,/foo conftest.c  >&5
configure:10876: $? = 0
configure:11125: result: GNU/Linux ld.so
configure:11247: checking how to hardcode library paths into programs
configure:11272: result: immediate
configure:11820: checking whether stripping libraries is possible
configure:11825: result: yes
configure:11860: checking if libtool supports shared libraries
configure:11862: result: yes
configure:11865: checking whether to build shared libraries
configure:11890: result: yes
configure:11893: checking whether to build static libraries
configure:11897: result: yes
configure:8711: checking whether ln -s works
configure:8715: result: yes
configure:8722: checking whether make sets $(MAKE)
configure:8744: result: yes
configure:8761: checking for ANSI C header files
configure:8865: result: yes
configure:8876: checking xmmintrin.h usability
configure:8876: gcc -c  -Wall  conftest.c >&5
configure:8876: $? = 0
configure:8876: result: yes
configure:8876: checking xmmintrin.h presence
configure:8876: gcc -E  conftest.c
configure:8876: $? = 0
configure:8876: result: yes
configure:8876: checking for xmmintrin.h
configure:8876: result: yes
configure:8876: checking emmintrin.h usability
configure:8876: gcc -c  -Wall  conftest.c >&5
configure:8876: $? = 0
configure:8876: result: yes
configure:8876: checking emmintrin.h presence
configure:8876: gcc -E  conftest.c
configure:8876: $? = 0
configure:8876: result: yes
configure:8876: checking for emmintrin.h
configure:8876: result: yes
configure:8912: checking for fabs in -lm
configure:8937: gcc -o conftest -msse2 -DUSE_SSE -O3 -ffast-math  -Wall   conftest.c -lm   >&5
conftest.c:33:6: warning: conflicting types for built-in function 'fabs' [-Wbuiltin-declaration-mismatch]
 char fabs ();
      ^~~~
configure:8937: $? = 0
configure:8946: result: yes
configure:9067: checking that generated files are newer than configure
configure:9073: result: done
configure:9100: creating ./config.status

## ---------------------- ##
## Running config.status. ##
## ---------------------- ##

This file was extended by config.status, which was
generated by GNU Autoconf 2.69.  Invocation command line was

  CONFIG_FILES    = 
  CONFIG_HEADERS  = 
  CONFIG_LINKS    = 
  CONFIG_COMMANDS = 
  $ ./config.status 

on DESKTOP-SAF16VF

config.status:1090: creating Makefile
config.status:1090: creating lib/Makefile
config.status:1090: creating sample/Makefile
config.status:1090: creating config.h
config.status:1319: executing depfiles commands
config.status:1396: cd lib       && sed -e '/# am--include-marker/d' Makefile         | make -f - am--depfiles
config.status:1401: $? = 0
config.status:1396: cd sample       && sed -e '/# am--include-marker/d' Makefile         | make -f - am--depfiles
config.status:1401: $? = 0
config.status:1319: executing libtool commands

## ---------------- ##
## Cache variables. ##
## ---------------- ##

ac_cv_build=x86_64-unknown-linux-gnu
ac_cv_c_compiler_gnu=yes
ac_cv_env_CC_set=
ac_cv_env_CC_value=
ac_cv_env_CFLAGS_set=
ac_cv_env_CFLAGS_value=
ac_cv_env_CPPFLAGS_set=
ac_cv_env_CPPFLAGS_value=
ac_cv_env_CPP_set=
ac_cv_env_CPP_value=
ac_cv_env_LDFLAGS_set=
ac_cv_env_LDFLAGS_value=
ac_cv_env_LIBS_set=
ac_cv_env_LIBS_value=
ac_cv_env_LT_SYS_LIBRARY_PATH_set=
ac_cv_env_LT_SYS_LIBRARY_PATH_value=
ac_cv_env_build_alias_set=
ac_cv_env_build_alias_value=
ac_cv_env_host_alias_set=
ac_cv_env_host_alias_value=
ac_cv_env_target_alias_set=
ac_cv_env_target_alias_value=
ac_cv_header_dlfcn_h=yes
ac_cv_header_emmintrin_h=yes
ac_cv_header_inttypes_h=yes
ac_cv_header_memory_h=yes
ac_cv_header_stdc=yes
ac_cv_header_stdint_h=yes
ac_cv_header_stdlib_h=yes
ac_cv_header_string_h=yes
ac_cv_header_strings_h=yes
ac_cv_header_sys_stat_h=yes
ac_cv_header_sys_types_h=yes
ac_cv_header_unistd_h=yes
ac_cv_header_xmmintrin_h=yes
ac_cv_host=x86_64-unknown-linux-gnu
ac_cv_lib_m_fabs=yes
ac_cv_objext=o
ac_cv_path_EGREP='/bin/grep -E'
ac_cv_path_FGREP='/bin/grep -F'
ac_cv_path_GREP=/bin/grep
ac_cv_path_SED=/bin/sed
ac_cv_path_install='/usr/bin/install -c'
ac_cv_path_lt_DD=/bin/dd
ac_cv_path_mkdir=/bin/mkdir
ac_cv_prog_AWK=mawk
ac_cv_prog_CPP='gcc -E'
ac_cv_prog_ac_ct_AR=ar
ac_cv_prog_ac_ct_CC=gcc
ac_cv_prog_ac_ct_MANIFEST_TOOL=mt
ac_cv_prog_ac_ct_OBJDUMP=objdump
ac_cv_prog_ac_ct_RANLIB=ranlib
ac_cv_prog_ac_ct_STRIP=strip
ac_cv_prog_cc_c89=
ac_cv_prog_cc_g=yes
ac_cv_prog_make_make_set=yes
am_cv_CC_dependencies_compiler_type=gcc3
am_cv_make_support_nested_variables=yes
am_cv_prog_cc_c_o=yes
lt_cv_ar_at_file=@
lt_cv_archive_cmds_need_lc=no
lt_cv_deplibs_check_method=pass_all
lt_cv_file_magic_cmd='$MAGIC_CMD'
lt_cv_file_magic_test_file=
lt_cv_ld_reload_flag=-r
lt_cv_nm_interface='BSD nm'
lt_cv_objdir=.libs
lt_cv_path_LD=/usr/bin/ld
lt_cv_path_NM='/usr/bin/nm -B'
lt_cv_path_mainfest_tool=no
lt_cv_prog_compiler_c_o=yes
lt_cv_prog_compiler_pic='-fPIC -DPIC'
lt_cv_prog_compiler_pic_works=yes
lt_cv_prog_compiler_rtti_exceptions=no
lt_cv_prog_compiler_static_works=yes
lt_cv_prog_gnu_ld=yes
lt_cv_sharedlib_from_linklib_cmd='printf %s\n'
lt_cv_shlibpath_overrides_runpath=yes
lt_cv_sys_global_symbol_pipe='sed -n -e '\''s/^.*[	 ]\([ABCDGIRSTW][ABCDGIRSTW]*\)[	 ][	 ]*\([_A-Za-z][_A-Za-z0-9]*\)$/\1 \2 \2/p'\'' | sed '\''/ __gnu_lto/d'\'''
lt_cv_sys_global_symbol_to_c_name_address='sed -n -e '\''s/^: \(.*\) .*$/  {"\1", (void *) 0},/p'\'' -e '\''s/^[ABCDGIRSTW][ABCDGIRSTW]* .* \(.*\)$/  {"\1", (void *) \&\1},/p'\'''
lt_cv_sys_global_symbol_to_c_name_address_lib_prefix='sed -n -e '\''s/^: \(.*\) .*$/  {"\1", (void *) 0},/p'\'' -e '\''s/^[ABCDGIRSTW][ABCDGIRSTW]* .* \(lib.*\)$/  {"\1", (void *) \&\1},/p'\'' -e '\''s/^[ABCDGIRSTW][ABCDGIRSTW]* .* \(.*\)$/  {"lib\1", (void *) \&\1},/p'\'''
lt_cv_sys_global_symbol_to_cdecl='sed -n -e '\''s/^T .* \(.*\)$/extern int \1();/p'\'' -e '\''s/^[ABCDGIRSTW][ABCDGIRSTW]* .* \(.*\)$/extern char \1;/p'\'''
lt_cv_sys_global_symbol_to_import=
lt_cv_sys_max_cmd_len=1572864
lt_cv_to_host_file_cmd=func_convert_file_noop
lt_cv_to_tool_file_cmd=func_convert_file_noop
lt_cv_truncate_bin='/bin/dd bs=4096 count=1'

## ----------------- ##
## Output variables. ##
## ----------------- ##

ACLOCAL='aclocal-1.16'
AMDEPBACKSLASH='\'
AMDEP_FALSE='#'
AMDEP_TRUE=''
AMTAR='$${TAR-tar}'
AM_BACKSLASH='\'
AM_DEFAULT_V='$(AM_DEFAULT_VERBOSITY)'
AM_DEFAULT_VERBOSITY='1'
AM_V='$(V)'
AR='ar'
AUTOCONF='autoconf'
AUTOHEADER='autoheader'
AUTOMAKE='automake-1.16'
AWK='mawk'
CC='gcc'
CCDEPMODE='depmode=gcc3'
CFLAGS='-msse2 -DUSE_SSE -O3 -ffast-math  -Wall'
CPP='gcc -E'
CPPFLAGS=''
CYGPATH_W='echo'
DEFS='-DHAVE_CONFIG_H'
DEPDIR='.deps'
DLLTOOL='false'
DSYMUTIL=''
DUMPBIN=''
ECHO_C=''
ECHO_N='-n'
ECHO_T=''
EGREP='/bin/grep -E'
EXEEXT=''
FGREP='/bin/grep -F'
GREP='/bin/grep'
INCLUDES='-I$(top_srcdir) -I$(top_srcdir)/include'
INSTALL_DATA='${INSTALL} -m 644'
INSTALL_PROGRAM='${INSTALL}'
INSTALL_SCRIPT='${INSTALL}'
INSTALL_STRIP_PROGRAM='$(install_sh) -c -s'
LD='/usr/bin/ld -m elf_x86_64'
LDFLAGS=''
LIBOBJS=''
LIBS='-lm '
LIBTOOL='$(SHELL) $(top_builddir)/libtool'
LIPO=''
LN_S='ln -s'
LTLIBOBJS=''
LT_SYS_LIBRARY_PATH=''
MAINT='#'
MAINTAINER_MODE_FALSE=''
MAINTAINER_MODE_TRUE='#'
MAKEINFO='makeinfo'
MANIFEST_TOOL=':'
MKDIR_P='/bin/mkdir -p'
NM='/usr/bin/nm -B'
NMEDIT=''
OBJDUMP='objdump'
OBJEXT='o'
OTOOL64=''
OTOOL=''
PACKAGE='liblbfgs'
PACKAGE_BUGREPORT=''
PACKAGE_NAME=''
PACKAGE_STRING=''
PACKAGE_TARNAME=''
PACKAGE_URL=''
PACKAGE_VERSION=''
PATH_SEPARATOR=':'
RANLIB='ranlib'
SED='/bin/sed'
SET_MAKE=''
SHELL='/bin/bash'
STRIP='strip'
VERSION='1.10'
ac_ct_AR='ar'
ac_ct_CC='gcc'
ac_ct_DUMPBIN=''
am__EXEEXT_FALSE=''
am__EXEEXT_TRUE='#'
am__fastdepCC_FALSE='#'
am__fastdepCC_TRUE=''
am__include='include'
am__isrc=''
am__leading_dot='.'
am__nodep='_no'
am__quote=''
am__tar='$${TAR-tar} chof - "$$tardir"'
am__untar='$${TAR-tar} xf -'
bindir='${exec_prefix}/bin'
build='x86_64-unknown-linux-gnu'
build_alias=''
build_cpu='x86_64'
build_os='linux-gnu'
build_vendor='unknown'
datadir='${datarootdir}'
datarootdir='${prefix}/share'
docdir='${datarootdir}/doc/${PACKAGE}'
dvidir='${docdir}'
exec_prefix='${prefix}'
host='x86_64-unknown-linux-gnu'
host_alias=''
host_cpu='x86_64'
host_os='linux-gnu'
host_vendor='unknown'
htmldir='${docdir}'
includedir='${prefix}/include'
infodir='${datarootdir}/info'
install_sh='${SHELL} /home/koen/liblbfgs-1.10/install-sh'
libdir='${exec_prefix}/lib'
libexecdir='${exec_prefix}/libexec'
localedir='${datarootdir}/locale'
localstatedir='${prefix}/var'
mandir='${datarootdir}/man'
mkdir_p='$(MKDIR_P)'
oldincludedir='/usr/include'
pdfdir='${docdir}'
prefix='/usr/local'
program_transform_name='s,x,x,'
psdir='${docdir}'
runstatedir='${localstatedir}/run'
sbindir='${exec_prefix}/sbin'
sharedstatedir='${prefix}/com'
sysconfdir='${prefix}/etc'
target_alias=''

## ----------- ##
## confdefs.h. ##
## ----------- ##

/* confdefs.h */
#define PACKAGE_NAME ""
#define PACKAGE_TARNAME ""
#define PACKAGE_VERSION ""
#define PACKAGE_STRING ""
#define PACKAGE_BUGREPORT ""
#define PACKAGE_URL ""
#define PACKAGE "liblbfgs"
#define VERSION "1.10"
#define STDC_HEADERS 1
#define HAVE_SYS_TYPES_H 1
#define HAVE_SYS_STAT_H 1
#define HAVE_STDLIB_H 1
#define HAVE_STRING_H 1
#define HAVE_MEMORY_H 1
#define HAVE_STRINGS_H 1
#define HAVE_INTTYPES_H 1
#define HAVE_STDINT_H 1
#define HAVE_UNISTD_H 1
#define HAVE_DLFCN_H 1
#define LT_OBJDIR ".libs/"
#define STDC_HEADERS 1
#define HAVE_XMMINTRIN_H 1
#define HAVE_EMMINTRIN_H 1
#define HAVE_LIBM 1

configure: exit 0
